<?xml version="1.0" encoding="UTF-8"?>
<!-- Generated by org.testng.reporters.JUnitReportReporter -->
<testsuite hostname="LAPTOP-0STQ7AK3" failures="0" tests="2" name="com.cucumber.bdd.practice.Runner" time="13.806" errors="0" timestamp="2023-12-24T13:32:01 EST" skipped="0">
  <testcase classname="com.cucumber.bdd.practice.Runner" name="runScenario" time="13.803"/>
  <system-out/>
  <testcase classname="com.cucumber.bdd.practice.Runner" name="test1" time="0.003"/>
  <system-out/>
</testsuite> <!-- com.cucumber.bdd.practice.Runner -->
