<?xml version="1.0" encoding="UTF-8"?>
<!-- Generated by org.testng.reporters.JUnitReportReporter -->
<testsuite hostname="LAPTOP-0STQ7AK3" failures="0" tests="2" name="com.testng.practice.TestngPractice" time="0.016" errors="0" timestamp="2023-12-21T19:18:25 EST" skipped="0">
  <testcase classname="com.testng.practice.TestngPractice" name="getPyement" time="0.006"/>
  <system-out/>
  <testcase classname="com.testng.practice.TestngPractice" name="getLogin" time="0.010"/>
  <system-out/>
</testsuite> <!-- com.testng.practice.TestngPractice -->
