<?xml version="1.0" encoding="UTF-8"?>
<!-- Generated by org.testng.reporters.JUnitReportReporter -->
<testsuite hostname="LAPTOP-0STQ7AK3" failures="0" tests="1" name="com.regression.InyterviewCodingTest" time="0.012" errors="0" timestamp="2024-01-04T20:50:06 EST" skipped="0">
  <testcase classname="com.regression.InyterviewCodingTest" name="test3" time="0.012"/>
  <system-out/>
</testsuite> <!-- com.regression.InyterviewCodingTest -->
