<?xml version="1.0" encoding="UTF-8"?>
<!-- Generated by org.testng.reporters.JUnitReportReporter -->
<testsuite hostname="LAPTOP-0STQ7AK3" failures="0" tests="3" name="com.regression.TestRunWithTestNG" time="12.679" errors="0" timestamp="2023-12-17T13:53:32 EST" skipped="1">
  <testcase classname="com.regression.TestRunWithTestNG" name="getLogin" time="12.677"/>
  <system-out/>
  <testcase classname="com.regression.TestRunWithTestNG" name="getPayment" time="0.002"/>
  <system-out/>
  <testcase classname="com.regression.TestRunWithTestNG" name="getProduct">
    <skipped/>
  </testcase> <!-- getProduct -->
  <system-out/>
</testsuite> <!-- com.regression.TestRunWithTestNG -->
