<?xml version="1.0" encoding="UTF-8"?>
<!-- Generated by org.testng.reporters.JUnitReportReporter -->
<testsuite hostname="LAPTOP-0STQ7AK3" failures="0" tests="1" name="com.smoke.FuntionalTest" time="0.002" errors="0" timestamp="2023-12-17T14:20:50 EST" skipped="0">
  <testcase classname="com.smoke.FuntionalTest" name="getFuntionalTest" time="0.002"/>
  <system-out/>
</testsuite> <!-- com.smoke.FuntionalTest -->
